1582864336881	mozrunner::runner	INFO	Running command: "/usr/bin/firefox" "-marionette" "-foreground" "-no-remote" "-profile" "/tmp/rust_mozprofileVq5uqI"
1582864337171	addons.webextension.doh-rollout@mozilla.org	WARN	Loading extension 'doh-rollout@mozilla.org': Reading manifest: Invalid extension permission: networkStatus
1582864337522	addons.webextension.screenshots@mozilla.org	WARN	Loading extension 'screenshots@mozilla.org': Reading manifest: Invalid extension permission: mozillaAddons
1582864337522	addons.webextension.screenshots@mozilla.org	WARN	Loading extension 'screenshots@mozilla.org': Reading manifest: Invalid extension permission: telemetry
1582864337522	addons.webextension.screenshots@mozilla.org	WARN	Loading extension 'screenshots@mozilla.org': Reading manifest: Invalid extension permission: resource://pdf.js/
1582864337522	addons.webextension.screenshots@mozilla.org	WARN	Loading extension 'screenshots@mozilla.org': Reading manifest: Invalid extension permission: about:reader*
1582864339134	Marionette	INFO	Listening on port 43241
1582864339201	Marionette	WARN	TLS certificate errors will be ignored for this session
JavaScript warning: https://qacademico.ifce.edu.br/qacademico/lib/scripts/layer_aguardar.js, line 3: unreachable code after return statement
JavaScript warning: https://qacademico.ifce.edu.br/qacademico/lib/scripts/layer_aguardar.js, line 3: unreachable code after return statement
JavaScript warning: https://qacademico.ifce.edu.br/qacademico/lib/scripts/layer_aguardar.js, line 3: unreachable code after return statement
JavaScript warning: https://qacademico.ifce.edu.br/qacademico/lib/scripts/layer_aguardar.js, line 3: unreachable code after return statement
JavaScript warning: https://qacademico.ifce.edu.br/qacademico/lib/scripts/layer_aguardar.js, line 3: unreachable code after return statement
JavaScript warning: https://qacademico.ifce.edu.br/qacademico/lib/scripts/layer_aguardar.js, line 3: unreachable code after return statement
JavaScript warning: https://qacademico.ifce.edu.br/qacademico/lib/scripts/layer_aguardar.js, line 3: unreachable code after return statement
JavaScript warning: https://qacademico.ifce.edu.br/qacademico/lib/scripts/layer_aguardar.js, line 3: unreachable code after return statement
JavaScript warning: https://qacademico.ifce.edu.br/qacademico/lib/scripts/layer_aguardar.js, line 3: unreachable code after return statement
1582864549248	mozrunner::runner	INFO	Running command: "/usr/bin/firefox" "-marionette" "-foreground" "-no-remote" "-profile" "/tmp/rust_mozprofileFSqMQ4"
1582864549649	addons.webextension.doh-rollout@mozilla.org	WARN	Loading extension 'doh-rollout@mozilla.org': Reading manifest: Invalid extension permission: networkStatus
1582864550404	addons.webextension.screenshots@mozilla.org	WARN	Loading extension 'screenshots@mozilla.org': Reading manifest: Invalid extension permission: mozillaAddons
1582864550404	addons.webextension.screenshots@mozilla.org	WARN	Loading extension 'screenshots@mozilla.org': Reading manifest: Invalid extension permission: telemetry
1582864550405	addons.webextension.screenshots@mozilla.org	WARN	Loading extension 'screenshots@mozilla.org': Reading manifest: Invalid extension permission: resource://pdf.js/
1582864550405	addons.webextension.screenshots@mozilla.org	WARN	Loading extension 'screenshots@mozilla.org': Reading manifest: Invalid extension permission: about:reader*
1582864552463	Marionette	INFO	Listening on port 34881
1582864552559	Marionette	WARN	TLS certificate errors will be ignored for this session
JavaScript warning: https://qacademico.ifce.edu.br/qacademico/lib/scripts/layer_aguardar.js, line 3: unreachable code after return statement
JavaScript warning: https://qacademico.ifce.edu.br/qacademico/lib/scripts/layer_aguardar.js, line 3: unreachable code after return statement
JavaScript warning: https://qacademico.ifce.edu.br/qacademico/lib/scripts/layer_aguardar.js, line 3: unreachable code after return statement
JavaScript warning: https://qacademico.ifce.edu.br/qacademico/lib/scripts/layer_aguardar.js, line 3: unreachable code after return statement
JavaScript warning: https://qacademico.ifce.edu.br/qacademico/lib/scripts/layer_aguardar.js, line 3: unreachable code after return statement
JavaScript warning: https://qacademico.ifce.edu.br/qacademico/lib/scripts/layer_aguardar.js, line 3: unreachable code after return statement
JavaScript warning: https://qacademico.ifce.edu.br/qacademico/lib/scripts/layer_aguardar.js, line 3: unreachable code after return statement
JavaScript warning: https://qacademico.ifce.edu.br/qacademico/lib/scripts/layer_aguardar.js, line 3: unreachable code after return statement
JavaScript warning: https://qacademico.ifce.edu.br/qacademico/lib/scripts/layer_aguardar.js, line 3: unreachable code after return statement
JavaScript warning: https://qacademico.ifce.edu.br/qacademico/lib/scripts/layer_aguardar.js, line 3: unreachable code after return statement
1582864770799	Marionette	INFO	Stopped listening on port 34881
JavaScript warning: https://qacademico.ifce.edu.br/qacademico/lib/scripts/layer_aguardar.js, line 3: unreachable code after return statement
1582864775911	Marionette	INFO	Stopped listening on port 43241
1582864904984	mozrunner::runner	INFO	Running command: "/usr/bin/firefox" "-marionette" "-foreground" "-no-remote" "-profile" "/tmp/rust_mozprofileMEyned"
1582864905285	addons.webextension.doh-rollout@mozilla.org	WARN	Loading extension 'doh-rollout@mozilla.org': Reading manifest: Invalid extension permission: networkStatus
1582864905642	addons.webextension.screenshots@mozilla.org	WARN	Loading extension 'screenshots@mozilla.org': Reading manifest: Invalid extension permission: mozillaAddons
1582864905642	addons.webextension.screenshots@mozilla.org	WARN	Loading extension 'screenshots@mozilla.org': Reading manifest: Invalid extension permission: telemetry
1582864905642	addons.webextension.screenshots@mozilla.org	WARN	Loading extension 'screenshots@mozilla.org': Reading manifest: Invalid extension permission: resource://pdf.js/
1582864905642	addons.webextension.screenshots@mozilla.org	WARN	Loading extension 'screenshots@mozilla.org': Reading manifest: Invalid extension permission: about:reader*
1582864907188	Marionette	INFO	Listening on port 36665
1582864907291	Marionette	WARN	TLS certificate errors will be ignored for this session
JavaScript warning: https://qacademico.ifce.edu.br/qacademico/lib/scripts/layer_aguardar.js, line 3: unreachable code after return statement
JavaScript warning: https://qacademico.ifce.edu.br/qacademico/lib/scripts/layer_aguardar.js, line 3: unreachable code after return statement
JavaScript warning: https://qacademico.ifce.edu.br/qacademico/lib/scripts/layer_aguardar.js, line 3: unreachable code after return statement
JavaScript warning: https://qacademico.ifce.edu.br/qacademico/lib/scripts/layer_aguardar.js, line 3: unreachable code after return statement
JavaScript warning: https://qacademico.ifce.edu.br/qacademico/lib/scripts/layer_aguardar.js, line 3: unreachable code after return statement
JavaScript warning: https://qacademico.ifce.edu.br/qacademico/lib/scripts/layer_aguardar.js, line 3: unreachable code after return statement
JavaScript warning: https://qacademico.ifce.edu.br/qacademico/lib/scripts/layer_aguardar.js, line 3: unreachable code after return statement
JavaScript warning: https://qacademico.ifce.edu.br/qacademico/lib/scripts/layer_aguardar.js, line 3: unreachable code after return statement
JavaScript warning: https://qacademico.ifce.edu.br/qacademico/lib/scripts/layer_aguardar.js, line 3: unreachable code after return statement
1582864942369	Marionette	INFO	Stopped listening on port 36665
JavaScript warning: https://qacademico.ifce.edu.br/qacademico/lib/scripts/layer_aguardar.js, line 3: unreachable code after return statement
